build/app/intermediates/manifest_merge_blame_file/debug/manifest-merger-blame-debug-report.txt
1<?xml version="1.0" encoding="utf-8"?>
2<manifest xmlns:android="http://schemas.android.com/apk/res/android"
3    package="com.example.flutter_app"
4    android:versionCode="1"
5    android:versionName="1.0.0" >
6
7    <uses-sdk
8        android:minSdkVersion="21"
9        android:targetSdkVersion="30" />
10    <!--
11         Flutter needs it to communicate with the running application
12         to allow setting breakpoints, to provide hot reload, etc.
13    -->
14    <uses-permission android:name="android.permission.INTERNET" />
14-->src\debug\AndroidManifest.xml:6:5-66
14-->src\debug\AndroidManifest.xml:6:22-64
15    <uses-permission android:name="android.permission.ACCESS_NETWORK_STATE" />
15-->[com.google.firebase:firebase-auth:20.0.1] AndroidManifest.xml:24:5-79
15-->[com.google.firebase:firebase-auth:20.0.1] AndroidManifest.xml:24:22-76
16
17    <application
17-->src\main\AndroidManifest.xml:3:4-40:19
18        android:appComponentFactory="androidx.core.app.CoreComponentFactory"
18-->[androidx.core:core:1.3.1] AndroidManifest.xml:24:18-86
19        android:debuggable="true"
20        android:icon="@mipmap/ic_launcher"
20-->src\main\AndroidManifest.xml:5:9-43
21        android:label="flutter_app" >
21-->src\main\AndroidManifest.xml:4:9-36
22        <activity
22-->src\main\AndroidManifest.xml:6:9-34:20
23            android:name="com.example.flutter_app.MainActivity"
23-->src\main\AndroidManifest.xml:7:13-41
24            android:configChanges="orientation|keyboardHidden|keyboard|screenSize|smallestScreenSize|locale|layoutDirection|fontScale|screenLayout|density|uiMode"
24-->src\main\AndroidManifest.xml:10:13-163
25            android:hardwareAccelerated="true"
25-->src\main\AndroidManifest.xml:11:13-47
26            android:launchMode="singleTop"
26-->src\main\AndroidManifest.xml:8:13-43
27            android:theme="@style/LaunchTheme"
27-->src\main\AndroidManifest.xml:9:13-47
28            android:windowSoftInputMode="adjustResize" >
28-->src\main\AndroidManifest.xml:12:13-55
29
30            <!--
31                 Specifies an Android theme to apply to this Activity as soon as
32                 the Android process has started. This theme is visible to the user
33                 while the Flutter UI initializes. After that, this theme continues
34                 to determine the Window background behind the Flutter UI.
35            -->
36            <meta-data
36-->src\main\AndroidManifest.xml:17:13-20:17
37                android:name="io.flutter.embedding.android.NormalTheme"
37-->src\main\AndroidManifest.xml:18:15-70
38                android:resource="@style/NormalTheme" />
38-->src\main\AndroidManifest.xml:19:15-52
39            <!--
40                 Displays an Android View that continues showing the launch screen
41                 Drawable until Flutter paints its first frame, then this splash
42                 screen fades out. A splash screen is useful to avoid any visual
43                 gap between the end of Android's launch screen and the painting of
44                 Flutter's first frame.
45            -->
46            <meta-data
46-->src\main\AndroidManifest.xml:26:13-29:17
47                android:name="io.flutter.embedding.android.SplashScreenDrawable"
47-->src\main\AndroidManifest.xml:27:15-79
48                android:resource="@drawable/launch_background" />
48-->src\main\AndroidManifest.xml:28:15-61
49
50            <intent-filter>
50-->src\main\AndroidManifest.xml:30:13-33:29
51                <action android:name="android.intent.action.MAIN" />
51-->src\main\AndroidManifest.xml:31:17-68
51-->src\main\AndroidManifest.xml:31:25-66
52
53                <category android:name="android.intent.category.LAUNCHER" />
53-->src\main\AndroidManifest.xml:32:17-76
53-->src\main\AndroidManifest.xml:32:27-74
54            </intent-filter>
55        </activity>
56        <!--
57             Don't delete the meta-data below.
58             This is used by the Flutter tool to generate GeneratedPluginRegistrant.java
59        -->
60        <meta-data
60-->src\main\AndroidManifest.xml:37:9-39:33
61            android:name="flutterEmbedding"
61-->src\main\AndroidManifest.xml:38:13-44
62            android:value="2" />
62-->src\main\AndroidManifest.xml:39:13-30
63
64        <service
64-->[:firebase_auth] AndroidManifest.xml:8:9-12:19
65            android:name="com.google.firebase.components.ComponentDiscoveryService"
65-->[:firebase_auth] AndroidManifest.xml:8:18-89
66            android:directBootAware="true"
66-->[com.google.firebase:firebase-common:19.5.0] AndroidManifest.xml:35:13-43
67            android:exported="false" >
67-->[com.google.firebase:firebase-auth:20.0.1] AndroidManifest.xml:76:13-37
68            <meta-data
68-->[:firebase_auth] AndroidManifest.xml:9:13-11:85
69                android:name="com.google.firebase.components:io.flutter.plugins.firebase.auth.FlutterFirebaseAuthRegistrar"
69-->[:firebase_auth] AndroidManifest.xml:10:17-124
70                android:value="com.google.firebase.components.ComponentRegistrar" />
70-->[:firebase_auth] AndroidManifest.xml:11:17-82
71            <meta-data
71-->[:cloud_firestore] AndroidManifest.xml:9:13-11:85
72                android:name="com.google.firebase.components:io.flutter.plugins.firebase.firestore.FlutterFirebaseFirestoreRegistrar"
72-->[:cloud_firestore] AndroidManifest.xml:10:17-134
73                android:value="com.google.firebase.components.ComponentRegistrar" />
73-->[:cloud_firestore] AndroidManifest.xml:11:17-82
74            <meta-data
74-->[:firebase_core] AndroidManifest.xml:9:13-11:85
75                android:name="com.google.firebase.components:io.flutter.plugins.firebase.core.FlutterFirebaseCoreRegistrar"
75-->[:firebase_core] AndroidManifest.xml:10:17-124
76                android:value="com.google.firebase.components.ComponentRegistrar" />
76-->[:firebase_core] AndroidManifest.xml:11:17-82
77            <meta-data
77-->[com.google.firebase:firebase-auth:20.0.1] AndroidManifest.xml:77:13-79:85
78                android:name="com.google.firebase.components:com.google.firebase.auth.FirebaseAuthRegistrar"
78-->[com.google.firebase:firebase-auth:20.0.1] AndroidManifest.xml:78:17-109
79                android:value="com.google.firebase.components.ComponentRegistrar" />
79-->[com.google.firebase:firebase-auth:20.0.1] AndroidManifest.xml:79:17-82
80            <meta-data
80-->[com.google.firebase:firebase-firestore:22.0.1] AndroidManifest.xml:20:13-22:85
81                android:name="com.google.firebase.components:com.google.firebase.firestore.FirestoreRegistrar"
81-->[com.google.firebase:firebase-firestore:22.0.1] AndroidManifest.xml:21:17-111
82                android:value="com.google.firebase.components.ComponentRegistrar" />
82-->[com.google.firebase:firebase-firestore:22.0.1] AndroidManifest.xml:22:17-82
83            <!--
84                This registrar is not defined in the dynamic-module-support sdk itself to allow non-firebase
85                clients to use it as well, by defining this registrar in their own core/common library.
86            -->
87            <meta-data
87-->[com.google.firebase:firebase-common:19.5.0] AndroidManifest.xml:43:13-45:85
88                android:name="com.google.firebase.components:com.google.firebase.dynamicloading.DynamicLoadingRegistrar"
88-->[com.google.firebase:firebase-common:19.5.0] AndroidManifest.xml:44:17-121
89                android:value="com.google.firebase.components.ComponentRegistrar" />
89-->[com.google.firebase:firebase-common:19.5.0] AndroidManifest.xml:45:17-82
90        </service>
91
92        <activity
92-->[:url_launcher] AndroidManifest.xml:8:9-11:74
93            android:name="io.flutter.plugins.urllauncher.WebViewActivity"
93-->[:url_launcher] AndroidManifest.xml:9:13-74
94            android:exported="false"
94-->[:url_launcher] AndroidManifest.xml:10:13-37
95            android:theme="@android:style/Theme.NoTitleBar.Fullscreen" />
95-->[:url_launcher] AndroidManifest.xml:11:13-71
96
97        <provider
97-->[:share] AndroidManifest.xml:8:9-16:20
98            android:name="io.flutter.plugins.share.ShareFileProvider"
98-->[:share] AndroidManifest.xml:9:13-70
99            android:authorities="com.example.flutter_app.flutter.share_provider"
99-->[:share] AndroidManifest.xml:10:13-74
100            android:exported="false"
100-->[:share] AndroidManifest.xml:11:13-37
101            android:grantUriPermissions="true" >
101-->[:share] AndroidManifest.xml:12:13-47
102            <meta-data
102-->[:share] AndroidManifest.xml:13:13-15:68
103                android:name="android.support.FILE_PROVIDER_PATHS"
103-->[:share] AndroidManifest.xml:14:17-67
104                android:resource="@xml/flutter_share_file_paths" />
104-->[:share] AndroidManifest.xml:15:17-65
105        </provider>
106
107        <activity
107-->[com.google.firebase:firebase-auth:20.0.1] AndroidManifest.xml:27:9-44:20
108            android:name="com.google.firebase.auth.internal.GenericIdpActivity"
108-->[com.google.firebase:firebase-auth:20.0.1] AndroidManifest.xml:28:13-80
109            android:excludeFromRecents="true"
109-->[com.google.firebase:firebase-auth:20.0.1] AndroidManifest.xml:29:13-46
110            android:exported="true"
110-->[com.google.firebase:firebase-auth:20.0.1] AndroidManifest.xml:30:13-36
111            android:launchMode="singleTask"
111-->[com.google.firebase:firebase-auth:20.0.1] AndroidManifest.xml:31:13-44
112            android:theme="@android:style/Theme.Translucent.NoTitleBar" >
112-->[com.google.firebase:firebase-auth:20.0.1] AndroidManifest.xml:32:13-72
113            <intent-filter>
113-->[com.google.firebase:firebase-auth:20.0.1] AndroidManifest.xml:33:13-43:29
114                <action android:name="android.intent.action.VIEW" />
114-->[com.google.firebase:firebase-auth:20.0.1] AndroidManifest.xml:34:17-69
114-->[com.google.firebase:firebase-auth:20.0.1] AndroidManifest.xml:34:25-66
115
116                <category android:name="android.intent.category.DEFAULT" />
116-->[com.google.firebase:firebase-auth:20.0.1] AndroidManifest.xml:36:17-76
116-->[com.google.firebase:firebase-auth:20.0.1] AndroidManifest.xml:36:27-73
117                <category android:name="android.intent.category.BROWSABLE" />
117-->[com.google.firebase:firebase-auth:20.0.1] AndroidManifest.xml:37:17-78
117-->[com.google.firebase:firebase-auth:20.0.1] AndroidManifest.xml:37:27-75
118
119                <data
119-->[com.google.firebase:firebase-auth:20.0.1] AndroidManifest.xml:39:17-42:51
120                    android:host="firebase.auth"
120-->[com.google.firebase:firebase-auth:20.0.1] AndroidManifest.xml:40:21-49
121                    android:path="/"
121-->[com.google.firebase:firebase-auth:20.0.1] AndroidManifest.xml:41:21-37
122                    android:scheme="genericidp" />
122-->[com.google.firebase:firebase-auth:20.0.1] AndroidManifest.xml:42:21-48
123            </intent-filter>
124        </activity>
125        <activity
125-->[com.google.firebase:firebase-auth:20.0.1] AndroidManifest.xml:45:9-62:20
126            android:name="com.google.firebase.auth.internal.RecaptchaActivity"
126-->[com.google.firebase:firebase-auth:20.0.1] AndroidManifest.xml:46:13-79
127            android:excludeFromRecents="true"
127-->[com.google.firebase:firebase-auth:20.0.1] AndroidManifest.xml:47:13-46
128            android:exported="true"
128-->[com.google.firebase:firebase-auth:20.0.1] AndroidManifest.xml:48:13-36
129            android:launchMode="singleTask"
129-->[com.google.firebase:firebase-auth:20.0.1] AndroidManifest.xml:49:13-44
130            android:theme="@android:style/Theme.Translucent.NoTitleBar" >
130-->[com.google.firebase:firebase-auth:20.0.1] AndroidManifest.xml:50:13-72
131            <intent-filter>
131-->[com.google.firebase:firebase-auth:20.0.1] AndroidManifest.xml:51:13-61:29
132                <action android:name="android.intent.action.VIEW" />
132-->[com.google.firebase:firebase-auth:20.0.1] AndroidManifest.xml:34:17-69
132-->[com.google.firebase:firebase-auth:20.0.1] AndroidManifest.xml:34:25-66
133
134                <category android:name="android.intent.category.DEFAULT" />
134-->[com.google.firebase:firebase-auth:20.0.1] AndroidManifest.xml:36:17-76
134-->[com.google.firebase:firebase-auth:20.0.1] AndroidManifest.xml:36:27-73
135                <category android:name="android.intent.category.BROWSABLE" />
135-->[com.google.firebase:firebase-auth:20.0.1] AndroidManifest.xml:37:17-78
135-->[com.google.firebase:firebase-auth:20.0.1] AndroidManifest.xml:37:27-75
136
137                <data
137-->[com.google.firebase:firebase-auth:20.0.1] AndroidManifest.xml:39:17-42:51
138                    android:host="firebase.auth"
138-->[com.google.firebase:firebase-auth:20.0.1] AndroidManifest.xml:40:21-49
139                    android:path="/"
139-->[com.google.firebase:firebase-auth:20.0.1] AndroidManifest.xml:41:21-37
140                    android:scheme="recaptcha" />
140-->[com.google.firebase:firebase-auth:20.0.1] AndroidManifest.xml:42:21-48
141            </intent-filter>
142        </activity>
143
144        <service
144-->[com.google.firebase:firebase-auth:20.0.1] AndroidManifest.xml:64:9-73:19
145            android:name="com.google.firebase.auth.api.fallback.service.FirebaseAuthFallbackService"
145-->[com.google.firebase:firebase-auth:20.0.1] AndroidManifest.xml:65:13-101
146            android:enabled="true"
146-->[com.google.firebase:firebase-auth:20.0.1] AndroidManifest.xml:66:13-35
147            android:exported="false" >
147-->[com.google.firebase:firebase-auth:20.0.1] AndroidManifest.xml:67:13-37
148            <intent-filter>
148-->[com.google.firebase:firebase-auth:20.0.1] AndroidManifest.xml:68:13-72:29
149                <action android:name="com.google.firebase.auth.api.gms.service.START" />
149-->[com.google.firebase:firebase-auth:20.0.1] AndroidManifest.xml:69:17-89
149-->[com.google.firebase:firebase-auth:20.0.1] AndroidManifest.xml:69:25-86
150
151                <category android:name="android.intent.category.DEFAULT" />
151-->[com.google.firebase:firebase-auth:20.0.1] AndroidManifest.xml:36:17-76
151-->[com.google.firebase:firebase-auth:20.0.1] AndroidManifest.xml:36:27-73
152            </intent-filter>
153        </service>
154
155        <activity
155-->[com.google.android.gms:play-services-base:17.1.0] AndroidManifest.xml:23:9-26:75
156            android:name="com.google.android.gms.common.api.GoogleApiActivity"
156-->[com.google.android.gms:play-services-base:17.1.0] AndroidManifest.xml:24:13-79
157            android:exported="false"
157-->[com.google.android.gms:play-services-base:17.1.0] AndroidManifest.xml:25:13-37
158            android:theme="@android:style/Theme.Translucent.NoTitleBar" />
158-->[com.google.android.gms:play-services-base:17.1.0] AndroidManifest.xml:26:13-72
159
160        <provider
160-->[com.google.firebase:firebase-common:19.5.0] AndroidManifest.xml:26:9-31:39
161            android:name="com.google.firebase.provider.FirebaseInitProvider"
161-->[com.google.firebase:firebase-common:19.5.0] AndroidManifest.xml:27:13-77
162            android:authorities="com.example.flutter_app.firebaseinitprovider"
162-->[com.google.firebase:firebase-common:19.5.0] AndroidManifest.xml:28:13-72
163            android:directBootAware="true"
163-->[com.google.firebase:firebase-common:19.5.0] AndroidManifest.xml:29:13-43
164            android:exported="false"
164-->[com.google.firebase:firebase-common:19.5.0] AndroidManifest.xml:30:13-37
165            android:initOrder="100" />
165-->[com.google.firebase:firebase-common:19.5.0] AndroidManifest.xml:31:13-36
166
167        <meta-data
167-->[com.google.android.gms:play-services-basement:17.1.0] AndroidManifest.xml:23:9-25:69
168            android:name="com.google.android.gms.version"
168-->[com.google.android.gms:play-services-basement:17.1.0] AndroidManifest.xml:24:13-58
169            android:value="@integer/google_play_services_version" />
169-->[com.google.android.gms:play-services-basement:17.1.0] AndroidManifest.xml:25:13-66
170    </application>
171
172</manifest>